<?xml version="1.0" encoding="UTF-8"?>
<!-- Generated by org.testng.reporters.JUnitReportReporter -->
<testsuite skipped="0" hostname="Pranav" name="com.actitme.objectrepository.CustomerTest" tests="1" failures="0" timestamp="21 Jun 2020 08:00:08 GMT" time="31.618" errors="0">
  <testcase name="testCreateCustomer" time="31.618" classname="com.actitme.objectrepository.CustomerTest"/>
</testsuite> <!-- com.actitme.objectrepository.CustomerTest -->
